CRITICAL - 2022-12-12 02:16:59 --> The namespace delimiter is a backslash (\), not a slash (/). Route handler: \App\Controllers\App/\Landing\Controllers\Landing::index
in SYSTEMPATH\Router\Router.php on line 466.
 1 SYSTEMPATH\Router\Router.php(466): CodeIgniter\Router\Exceptions\RouterException::forInvalidControllerName('\\App\\Controllers\\App/\\Landing\\Controllers\\Landing::index')
 2 SYSTEMPATH\Router\Router.php(181): CodeIgniter\Router\Router->checkRoutes('D:\\')
 3 SYSTEMPATH\CodeIgniter.php(802): CodeIgniter\Router\Router->handle('D:\\')
 4 SYSTEMPATH\CodeIgniter.php(430): CodeIgniter\CodeIgniter->tryToRouteIt(Object(CodeIgniter\Router\RouteCollection))
 5 SYSTEMPATH\CodeIgniter.php(351): CodeIgniter\CodeIgniter->handleRequest(null, Object(Config\Cache), false)
 6 FCPATH\index.php(67): CodeIgniter\CodeIgniter->run()
 7 SYSTEMPATH\Commands\Server\rewrite.php(46): require_once('FCPATH\\index.php')
CRITICAL - 2022-12-12 02:21:42 --> Class "App\Modules\Landing\Controllers\BaseController" not found
in APPPATH\Modules\Landing\Controllers\Landing.php on line 7.
 1 SYSTEMPATH\Autoloader\Autoloader.php(282): include_once()
 2 SYSTEMPATH\Autoloader\Autoloader.php(259): CodeIgniter\Autoloader\Autoloader->includeFile('APPPATH\\Modules\\Landing\\Controllers\\Landing.php')
 3 SYSTEMPATH\Autoloader\Autoloader.php(237): CodeIgniter\Autoloader\Autoloader->loadInNamespace('App\\Modules\\Landing\\Controllers\\Landing')
 4 [internal function]: CodeIgniter\Autoloader\Autoloader->loadClass('App\\Modules\\Landing\\Controllers\\Landing')
 5 SYSTEMPATH\CodeIgniter.php(877): class_exists('\\App\\Modules\\Landing\\Controllers\\Landing', true)
 6 SYSTEMPATH\CodeIgniter.php(469): CodeIgniter\CodeIgniter->startController()
 7 SYSTEMPATH\CodeIgniter.php(351): CodeIgniter\CodeIgniter->handleRequest(null, Object(Config\Cache), false)
 8 FCPATH\index.php(67): CodeIgniter\CodeIgniter->run()
 9 SYSTEMPATH\Commands\Server\rewrite.php(46): require_once('FCPATH\\index.php')
CRITICAL - 2022-12-12 02:38:56 --> Invalid file: landing.php
in SYSTEMPATH\Exceptions\FrameworkException.php on line 33.
 1 SYSTEMPATH\View\View.php(201): CodeIgniter\Exceptions\FrameworkException::forInvalidFile('landing.php')
 2 SYSTEMPATH\Common.php(1134): CodeIgniter\View\View->render('landing', [], true)
 3 APPPATH\Modules\Landing\Controllers\Landing.php(11): view('landing')
 4 SYSTEMPATH\CodeIgniter.php(927): App\Modules\Landing\Controllers\Landing->index()
 5 SYSTEMPATH\CodeIgniter.php(482): CodeIgniter\CodeIgniter->runController(Object(App\Modules\Landing\Controllers\Landing))
 6 SYSTEMPATH\CodeIgniter.php(351): CodeIgniter\CodeIgniter->handleRequest(null, Object(Config\Cache), false)
 7 FCPATH\index.php(67): CodeIgniter\CodeIgniter->run()
 8 SYSTEMPATH\Commands\Server\rewrite.php(46): require_once('FCPATH\\index.php')
CRITICAL - 2022-12-12 02:40:36 --> Invalid file: \app\modules\landing\view\landing.php
in SYSTEMPATH\Exceptions\FrameworkException.php on line 33.
 1 SYSTEMPATH\View\View.php(201): CodeIgniter\Exceptions\FrameworkException::forInvalidFile('\\app\\modules\\landing\\view\\landing.php')
 2 SYSTEMPATH\Common.php(1134): CodeIgniter\View\View->render('\\app\\modules\\landing\\view\\landing', [], true)
 3 APPPATH\Modules\Landing\Controllers\Landing.php(15): view('\\app\\modules\\landing\\view\\landing')
 4 SYSTEMPATH\CodeIgniter.php(927): App\Modules\Landing\Controllers\Landing->index()
 5 SYSTEMPATH\CodeIgniter.php(482): CodeIgniter\CodeIgniter->runController(Object(App\Modules\Landing\Controllers\Landing))
 6 SYSTEMPATH\CodeIgniter.php(351): CodeIgniter\CodeIgniter->handleRequest(null, Object(Config\Cache), false)
 7 FCPATH\index.php(67): CodeIgniter\CodeIgniter->run()
 8 SYSTEMPATH\Commands\Server\rewrite.php(46): require_once('FCPATH\\index.php')
CRITICAL - 2022-12-12 02:40:48 --> Invalid file: app\modules\landing\view\landing.php
in SYSTEMPATH\Exceptions\FrameworkException.php on line 33.
 1 SYSTEMPATH\View\View.php(201): CodeIgniter\Exceptions\FrameworkException::forInvalidFile('app\\modules\\landing\\view\\landing.php')
 2 SYSTEMPATH\Common.php(1134): CodeIgniter\View\View->render('app\\modules\\landing\\view\\landing', [], true)
 3 APPPATH\Modules\Landing\Controllers\Landing.php(15): view('app\\modules\\landing\\view\\landing')
 4 SYSTEMPATH\CodeIgniter.php(927): App\Modules\Landing\Controllers\Landing->index()
 5 SYSTEMPATH\CodeIgniter.php(482): CodeIgniter\CodeIgniter->runController(Object(App\Modules\Landing\Controllers\Landing))
 6 SYSTEMPATH\CodeIgniter.php(351): CodeIgniter\CodeIgniter->handleRequest(null, Object(Config\Cache), false)
 7 FCPATH\index.php(67): CodeIgniter\CodeIgniter->run()
 8 SYSTEMPATH\Commands\Server\rewrite.php(46): require_once('FCPATH\\index.php')
CRITICAL - 2022-12-12 02:53:13 --> Undefined variable $docData
in APPPATH\Modules\Landing\Views\landing.php on line 5.
 1 APPPATH\Modules\Landing\Views\landing.php(5): CodeIgniter\Debug\Exceptions->errorHandler(2, 'Undefined variable $docData', 'APPPATH\\Modules\\Landing\\Views\\landing.php', 5)
 2 SYSTEMPATH\View\View.php(213): include('APPPATH\\Modules\\Landing\\Views\\landing.php')
 3 SYSTEMPATH\View\View.php(216): CodeIgniter\View\View->CodeIgniter\View\{closure}()
 4 SYSTEMPATH\Common.php(1134): CodeIgniter\View\View->render('App\\Modules\\Landing\\Views\\landing', [], true)
 5 APPPATH\Modules\Landing\Controllers\Landing.php(21): view('App\\Modules\\Landing\\Views\\landing', [...])
 6 SYSTEMPATH\CodeIgniter.php(927): App\Modules\Landing\Controllers\Landing->index()
 7 SYSTEMPATH\CodeIgniter.php(482): CodeIgniter\CodeIgniter->runController(Object(App\Modules\Landing\Controllers\Landing))
 8 SYSTEMPATH\CodeIgniter.php(351): CodeIgniter\CodeIgniter->handleRequest(null, Object(Config\Cache), false)
 9 FCPATH\index.php(67): CodeIgniter\CodeIgniter->run()
10 SYSTEMPATH\Commands\Server\rewrite.php(46): require_once('FCPATH\\index.php')
CRITICAL - 2022-12-12 21:00:47 --> Undefined variable $potoDesign
in APPPATH\Modules\Landing\Views\landing.php on line 175.
 1 APPPATH\Modules\Landing\Views\landing.php(175): CodeIgniter\Debug\Exceptions->errorHandler(2, 'Undefined variable $potoDesign', 'APPPATH\\Modules\\Landing\\Views\\landing.php', 175)
 2 SYSTEMPATH\View\View.php(213): include('APPPATH\\Modules\\Landing\\Views\\landing.php')
 3 SYSTEMPATH\View\View.php(216): CodeIgniter\View\View->CodeIgniter\View\{closure}()
 4 SYSTEMPATH\Common.php(1134): CodeIgniter\View\View->render('App\\Modules\\Landing\\Views\\landing', [], true)
 5 APPPATH\Modules\Landing\Controllers\Landing.php(37): view('App\\Modules\\Landing\\Views\\landing', [...])
 6 SYSTEMPATH\CodeIgniter.php(927): App\Modules\Landing\Controllers\Landing->index()
 7 SYSTEMPATH\CodeIgniter.php(482): CodeIgniter\CodeIgniter->runController(Object(App\Modules\Landing\Controllers\Landing))
 8 SYSTEMPATH\CodeIgniter.php(351): CodeIgniter\CodeIgniter->handleRequest(null, Object(Config\Cache), false)
 9 FCPATH\index.php(67): CodeIgniter\CodeIgniter->run()
10 SYSTEMPATH\Commands\Server\rewrite.php(46): require_once('FCPATH\\index.php')
CRITICAL - 2022-12-12 21:00:59 --> Undefined variable $portoDesign
in APPPATH\Modules\Landing\Views\landing.php on line 175.
 1 APPPATH\Modules\Landing\Views\landing.php(175): CodeIgniter\Debug\Exceptions->errorHandler(2, 'Undefined variable $portoDesign', 'APPPATH\\Modules\\Landing\\Views\\landing.php', 175)
 2 SYSTEMPATH\View\View.php(213): include('APPPATH\\Modules\\Landing\\Views\\landing.php')
 3 SYSTEMPATH\View\View.php(216): CodeIgniter\View\View->CodeIgniter\View\{closure}()
 4 SYSTEMPATH\Common.php(1134): CodeIgniter\View\View->render('App\\Modules\\Landing\\Views\\landing', [], true)
 5 APPPATH\Modules\Landing\Controllers\Landing.php(37): view('App\\Modules\\Landing\\Views\\landing', [...])
 6 SYSTEMPATH\CodeIgniter.php(927): App\Modules\Landing\Controllers\Landing->index()
 7 SYSTEMPATH\CodeIgniter.php(482): CodeIgniter\CodeIgniter->runController(Object(App\Modules\Landing\Controllers\Landing))
 8 SYSTEMPATH\CodeIgniter.php(351): CodeIgniter\CodeIgniter->handleRequest(null, Object(Config\Cache), false)
 9 FCPATH\index.php(67): CodeIgniter\CodeIgniter->run()
10 SYSTEMPATH\Commands\Server\rewrite.php(46): require_once('FCPATH\\index.php')
CRITICAL - 2022-12-12 21:01:02 --> Undefined variable $portoDesign
in APPPATH\Modules\Landing\Views\landing.php on line 175.
 1 APPPATH\Modules\Landing\Views\landing.php(175): CodeIgniter\Debug\Exceptions->errorHandler(2, 'Undefined variable $portoDesign', 'APPPATH\\Modules\\Landing\\Views\\landing.php', 175)
 2 SYSTEMPATH\View\View.php(213): include('APPPATH\\Modules\\Landing\\Views\\landing.php')
 3 SYSTEMPATH\View\View.php(216): CodeIgniter\View\View->CodeIgniter\View\{closure}()
 4 SYSTEMPATH\Common.php(1134): CodeIgniter\View\View->render('App\\Modules\\Landing\\Views\\landing', [], true)
 5 APPPATH\Modules\Landing\Controllers\Landing.php(37): view('App\\Modules\\Landing\\Views\\landing', [...])
 6 SYSTEMPATH\CodeIgniter.php(927): App\Modules\Landing\Controllers\Landing->index()
 7 SYSTEMPATH\CodeIgniter.php(482): CodeIgniter\CodeIgniter->runController(Object(App\Modules\Landing\Controllers\Landing))
 8 SYSTEMPATH\CodeIgniter.php(351): CodeIgniter\CodeIgniter->handleRequest(null, Object(Config\Cache), false)
 9 FCPATH\index.php(67): CodeIgniter\CodeIgniter->run()
10 SYSTEMPATH\Commands\Server\rewrite.php(46): require_once('FCPATH\\index.php')
CRITICAL - 2022-12-12 21:10:42 --> Array to string conversion
in APPPATH\Modules\Landing\Views\landing.php on line 180.
 1 APPPATH\Modules\Landing\Views\landing.php(180): CodeIgniter\Debug\Exceptions->errorHandler(2, 'Array to string conversion', 'APPPATH\\Modules\\Landing\\Views\\landing.php', 180)
 2 SYSTEMPATH\View\View.php(213): include('APPPATH\\Modules\\Landing\\Views\\landing.php')
 3 SYSTEMPATH\View\View.php(216): CodeIgniter\View\View->CodeIgniter\View\{closure}()
 4 SYSTEMPATH\Common.php(1134): CodeIgniter\View\View->render('App\\Modules\\Landing\\Views\\landing', [], true)
 5 APPPATH\Modules\Landing\Controllers\Landing.php(37): view('App\\Modules\\Landing\\Views\\landing', [...])
 6 SYSTEMPATH\CodeIgniter.php(927): App\Modules\Landing\Controllers\Landing->index()
 7 SYSTEMPATH\CodeIgniter.php(482): CodeIgniter\CodeIgniter->runController(Object(App\Modules\Landing\Controllers\Landing))
 8 SYSTEMPATH\CodeIgniter.php(351): CodeIgniter\CodeIgniter->handleRequest(null, Object(Config\Cache), false)
 9 FCPATH\index.php(67): CodeIgniter\CodeIgniter->run()
10 SYSTEMPATH\Commands\Server\rewrite.php(46): require_once('FCPATH\\index.php')
CRITICAL - 2022-12-12 21:10:52 --> foreach() argument must be of type array|object, string given
in APPPATH\Modules\Landing\Views\landing.php on line 177.
 1 APPPATH\Modules\Landing\Views\landing.php(177): CodeIgniter\Debug\Exceptions->errorHandler(2, 'foreach() argument must be of type array|object, string given', 'APPPATH\\Modules\\Landing\\Views\\landing.php', 177)
 2 SYSTEMPATH\View\View.php(213): include('APPPATH\\Modules\\Landing\\Views\\landing.php')
 3 SYSTEMPATH\View\View.php(216): CodeIgniter\View\View->CodeIgniter\View\{closure}()
 4 SYSTEMPATH\Common.php(1134): CodeIgniter\View\View->render('App\\Modules\\Landing\\Views\\landing', [], true)
 5 APPPATH\Modules\Landing\Controllers\Landing.php(37): view('App\\Modules\\Landing\\Views\\landing', [...])
 6 SYSTEMPATH\CodeIgniter.php(927): App\Modules\Landing\Controllers\Landing->index()
 7 SYSTEMPATH\CodeIgniter.php(482): CodeIgniter\CodeIgniter->runController(Object(App\Modules\Landing\Controllers\Landing))
 8 SYSTEMPATH\CodeIgniter.php(351): CodeIgniter\CodeIgniter->handleRequest(null, Object(Config\Cache), false)
 9 FCPATH\index.php(67): CodeIgniter\CodeIgniter->run()
10 SYSTEMPATH\Commands\Server\rewrite.php(46): require_once('FCPATH\\index.php')
CRITICAL - 2022-12-12 21:14:25 --> foreach() argument must be of type array|object, string given
in APPPATH\Modules\Landing\Views\landing.php on line 177.
 1 APPPATH\Modules\Landing\Views\landing.php(177): CodeIgniter\Debug\Exceptions->errorHandler(2, 'foreach() argument must be of type array|object, string given', 'APPPATH\\Modules\\Landing\\Views\\landing.php', 177)
 2 SYSTEMPATH\View\View.php(213): include('APPPATH\\Modules\\Landing\\Views\\landing.php')
 3 SYSTEMPATH\View\View.php(216): CodeIgniter\View\View->CodeIgniter\View\{closure}()
 4 SYSTEMPATH\Common.php(1134): CodeIgniter\View\View->render('App\\Modules\\Landing\\Views\\landing', [], true)
 5 APPPATH\Modules\Landing\Controllers\Landing.php(37): view('App\\Modules\\Landing\\Views\\landing', [...])
 6 SYSTEMPATH\CodeIgniter.php(927): App\Modules\Landing\Controllers\Landing->index()
 7 SYSTEMPATH\CodeIgniter.php(482): CodeIgniter\CodeIgniter->runController(Object(App\Modules\Landing\Controllers\Landing))
 8 SYSTEMPATH\CodeIgniter.php(351): CodeIgniter\CodeIgniter->handleRequest(null, Object(Config\Cache), false)
 9 FCPATH\index.php(67): CodeIgniter\CodeIgniter->run()
10 SYSTEMPATH\Commands\Server\rewrite.php(46): require_once('FCPATH\\index.php')
CRITICAL - 2022-12-12 21:16:49 --> foreach() argument must be of type array|object, string given
in APPPATH\Modules\Landing\Views\landing.php on line 178.
 1 APPPATH\Modules\Landing\Views\landing.php(178): CodeIgniter\Debug\Exceptions->errorHandler(2, 'foreach() argument must be of type array|object, string given', 'APPPATH\\Modules\\Landing\\Views\\landing.php', 178)
 2 SYSTEMPATH\View\View.php(213): include('APPPATH\\Modules\\Landing\\Views\\landing.php')
 3 SYSTEMPATH\View\View.php(216): CodeIgniter\View\View->CodeIgniter\View\{closure}()
 4 SYSTEMPATH\Common.php(1134): CodeIgniter\View\View->render('App\\Modules\\Landing\\Views\\landing', [], true)
 5 APPPATH\Modules\Landing\Controllers\Landing.php(37): view('App\\Modules\\Landing\\Views\\landing', [...])
 6 SYSTEMPATH\CodeIgniter.php(927): App\Modules\Landing\Controllers\Landing->index()
 7 SYSTEMPATH\CodeIgniter.php(482): CodeIgniter\CodeIgniter->runController(Object(App\Modules\Landing\Controllers\Landing))
 8 SYSTEMPATH\CodeIgniter.php(351): CodeIgniter\CodeIgniter->handleRequest(null, Object(Config\Cache), false)
 9 FCPATH\index.php(67): CodeIgniter\CodeIgniter->run()
10 SYSTEMPATH\Commands\Server\rewrite.php(46): require_once('FCPATH\\index.php')
CRITICAL - 2022-12-12 21:17:03 --> foreach() argument must be of type array|object, string given
in APPPATH\Modules\Landing\Views\landing.php on line 178.
 1 APPPATH\Modules\Landing\Views\landing.php(178): CodeIgniter\Debug\Exceptions->errorHandler(2, 'foreach() argument must be of type array|object, string given', 'APPPATH\\Modules\\Landing\\Views\\landing.php', 178)
 2 SYSTEMPATH\View\View.php(213): include('APPPATH\\Modules\\Landing\\Views\\landing.php')
 3 SYSTEMPATH\View\View.php(216): CodeIgniter\View\View->CodeIgniter\View\{closure}()
 4 SYSTEMPATH\Common.php(1134): CodeIgniter\View\View->render('App\\Modules\\Landing\\Views\\landing', [], true)
 5 APPPATH\Modules\Landing\Controllers\Landing.php(37): view('App\\Modules\\Landing\\Views\\landing', [...])
 6 SYSTEMPATH\CodeIgniter.php(927): App\Modules\Landing\Controllers\Landing->index()
 7 SYSTEMPATH\CodeIgniter.php(482): CodeIgniter\CodeIgniter->runController(Object(App\Modules\Landing\Controllers\Landing))
 8 SYSTEMPATH\CodeIgniter.php(351): CodeIgniter\CodeIgniter->handleRequest(null, Object(Config\Cache), false)
 9 FCPATH\index.php(67): CodeIgniter\CodeIgniter->run()
10 SYSTEMPATH\Commands\Server\rewrite.php(46): require_once('FCPATH\\index.php')
CRITICAL - 2022-12-12 21:17:16 --> Undefined variable $item
in APPPATH\Modules\Landing\Views\landing.php on line 181.
 1 APPPATH\Modules\Landing\Views\landing.php(181): CodeIgniter\Debug\Exceptions->errorHandler(2, 'Undefined variable $item', 'APPPATH\\Modules\\Landing\\Views\\landing.php', 181)
 2 SYSTEMPATH\View\View.php(213): include('APPPATH\\Modules\\Landing\\Views\\landing.php')
 3 SYSTEMPATH\View\View.php(216): CodeIgniter\View\View->CodeIgniter\View\{closure}()
 4 SYSTEMPATH\Common.php(1134): CodeIgniter\View\View->render('App\\Modules\\Landing\\Views\\landing', [], true)
 5 APPPATH\Modules\Landing\Controllers\Landing.php(37): view('App\\Modules\\Landing\\Views\\landing', [...])
 6 SYSTEMPATH\CodeIgniter.php(927): App\Modules\Landing\Controllers\Landing->index()
 7 SYSTEMPATH\CodeIgniter.php(482): CodeIgniter\CodeIgniter->runController(Object(App\Modules\Landing\Controllers\Landing))
 8 SYSTEMPATH\CodeIgniter.php(351): CodeIgniter\CodeIgniter->handleRequest(null, Object(Config\Cache), false)
 9 FCPATH\index.php(67): CodeIgniter\CodeIgniter->run()
10 SYSTEMPATH\Commands\Server\rewrite.php(46): require_once('FCPATH\\index.php')
CRITICAL - 2022-12-12 21:19:01 --> foreach() argument must be of type array|object, string given
in APPPATH\Modules\Landing\Views\landing.php on line 177.
 1 APPPATH\Modules\Landing\Views\landing.php(177): CodeIgniter\Debug\Exceptions->errorHandler(2, 'foreach() argument must be of type array|object, string given', 'APPPATH\\Modules\\Landing\\Views\\landing.php', 177)
 2 SYSTEMPATH\View\View.php(213): include('APPPATH\\Modules\\Landing\\Views\\landing.php')
 3 SYSTEMPATH\View\View.php(216): CodeIgniter\View\View->CodeIgniter\View\{closure}()
 4 SYSTEMPATH\Common.php(1134): CodeIgniter\View\View->render('App\\Modules\\Landing\\Views\\landing', [], true)
 5 APPPATH\Modules\Landing\Controllers\Landing.php(37): view('App\\Modules\\Landing\\Views\\landing', [...])
 6 SYSTEMPATH\CodeIgniter.php(927): App\Modules\Landing\Controllers\Landing->index()
 7 SYSTEMPATH\CodeIgniter.php(482): CodeIgniter\CodeIgniter->runController(Object(App\Modules\Landing\Controllers\Landing))
 8 SYSTEMPATH\CodeIgniter.php(351): CodeIgniter\CodeIgniter->handleRequest(null, Object(Config\Cache), false)
 9 FCPATH\index.php(67): CodeIgniter\CodeIgniter->run()
10 SYSTEMPATH\Commands\Server\rewrite.php(46): require_once('FCPATH\\index.php')
CRITICAL - 2022-12-12 21:26:10 --> foreach() argument must be of type array|object, string given
in APPPATH\Modules\Landing\Views\landing.php on line 177.
 1 APPPATH\Modules\Landing\Views\landing.php(177): CodeIgniter\Debug\Exceptions->errorHandler(2, 'foreach() argument must be of type array|object, string given', 'APPPATH\\Modules\\Landing\\Views\\landing.php', 177)
 2 SYSTEMPATH\View\View.php(213): include('APPPATH\\Modules\\Landing\\Views\\landing.php')
 3 SYSTEMPATH\View\View.php(216): CodeIgniter\View\View->CodeIgniter\View\{closure}()
 4 SYSTEMPATH\Common.php(1134): CodeIgniter\View\View->render('App\\Modules\\Landing\\Views\\landing', [], true)
 5 APPPATH\Modules\Landing\Controllers\Landing.php(37): view('App\\Modules\\Landing\\Views\\landing', [...])
 6 SYSTEMPATH\CodeIgniter.php(927): App\Modules\Landing\Controllers\Landing->index()
 7 SYSTEMPATH\CodeIgniter.php(482): CodeIgniter\CodeIgniter->runController(Object(App\Modules\Landing\Controllers\Landing))
 8 SYSTEMPATH\CodeIgniter.php(351): CodeIgniter\CodeIgniter->handleRequest(null, Object(Config\Cache), false)
 9 FCPATH\index.php(67): CodeIgniter\CodeIgniter->run()
10 SYSTEMPATH\Commands\Server\rewrite.php(46): require_once('FCPATH\\index.php')
